CRITICAL - 2025-09-03 08:36:22 --> ErrorException: Undefined variable $reoutes
[Method: CLI, Route: serve]
in APPPATH\Config\Routes.php on line 13.
 1 APPPATH\Config\Routes.php(13): CodeIgniter\Debug\Exceptions->errorHandler(2, 'Undefined variable $reoutes', 'C:\\xampp\\htdocs\\CI4_TEMPLATE01\\app\\Config\\Routes.php', 13)
 2 SYSTEMPATH\Router\RouteCollection.php(339): require('C:\\xampp\\htdocs\\CI4_TEMPLATE01\\app\\Config\\Routes.php')
 3 SYSTEMPATH\CLI\Console.php(41): CodeIgniter\Router\RouteCollection->loadRoutes()
 4 SYSTEMPATH\Boot.php(388): CodeIgniter\CLI\Console->run()
 5 SYSTEMPATH\Boot.php(133): CodeIgniter\Boot::runCommand(Object(CodeIgniter\CLI\Console))
 6 ROOTPATH\spark(87): CodeIgniter\Boot::bootSpark(Object(Config\Paths))
CRITICAL - 2025-09-03 08:59:18 --> CodeIgniter\View\Exceptions\ViewException: Invalid file: "welcome.php"
[Method: GET, Route: home]
in SYSTEMPATH\Exceptions\FrameworkException.php on line 39.
 1 SYSTEMPATH\View\View.php(214): CodeIgniter\Exceptions\FrameworkException::forInvalidFile('welcome.php')
 2 SYSTEMPATH\Common.php(1167): CodeIgniter\View\View->render('welcome', [], true)
 3 APPPATH\Controllers\Home.php(12): view('welcome')
 4 SYSTEMPATH\CodeIgniter.php(933): App\Controllers\Home->index()
 5 SYSTEMPATH\CodeIgniter.php(507): CodeIgniter\CodeIgniter->runController(Object(App\Controllers\Home))
 6 SYSTEMPATH\CodeIgniter.php(354): CodeIgniter\CodeIgniter->handleRequest(null, Object(Config\Cache), false)
 7 SYSTEMPATH\Boot.php(363): CodeIgniter\CodeIgniter->run()
 8 SYSTEMPATH\Boot.php(68): CodeIgniter\Boot::runCodeIgniter(Object(CodeIgniter\CodeIgniter))
 9 FCPATH\index.php(59): CodeIgniter\Boot::bootWeb(Object(Config\Paths))
