ERROR - 2025-09-24 05:15:45 --> mysqli_sql_exception: Unknown column 'course.sks' in 'field list' in C:\xampp\htdocs\W5\Mission4_CI4\system\Database\MySQLi\Connection.php:327
Stack trace:
#0 C:\xampp\htdocs\W5\Mission4_CI4\system\Database\MySQLi\Connection.php(327): mysqli->query('SELECT `courses...', 0)
#1 C:\xampp\htdocs\W5\Mission4_CI4\system\Database\BaseConnection.php(729): CodeIgniter\Database\MySQLi\Connection->execute('SELECT `courses...')
#2 C:\xampp\htdocs\W5\Mission4_CI4\system\Database\BaseConnection.php(646): CodeIgniter\Database\BaseConnection->simpleQuery('SELECT `courses...')
#3 C:\xampp\htdocs\W5\Mission4_CI4\system\Database\BaseBuilder.php(1649): CodeIgniter\Database\BaseConnection->query('SELECT `courses...', Array, false)
#4 C:\xampp\htdocs\W5\Mission4_CI4\app\Controllers\CourseController.php(99): CodeIgniter\Database\BaseBuilder->get()
#5 C:\xampp\htdocs\W5\Mission4_CI4\system\CodeIgniter.php(933): App\Controllers\CourseController->myCourses()
#6 C:\xampp\htdocs\W5\Mission4_CI4\system\CodeIgniter.php(507): CodeIgniter\CodeIgniter->runController(Object(App\Controllers\CourseController))
#7 C:\xampp\htdocs\W5\Mission4_CI4\system\CodeIgniter.php(354): CodeIgniter\CodeIgniter->handleRequest(NULL, Object(Config\Cache), false)
#8 C:\xampp\htdocs\W5\Mission4_CI4\system\Boot.php(363): CodeIgniter\CodeIgniter->run()
#9 C:\xampp\htdocs\W5\Mission4_CI4\system\Boot.php(68): CodeIgniter\Boot::runCodeIgniter(Object(CodeIgniter\CodeIgniter))
#10 C:\xampp\htdocs\W5\Mission4_CI4\public\index.php(59): CodeIgniter\Boot::bootWeb(Object(Config\Paths))
#11 {main}
CRITICAL - 2025-09-24 05:15:45 --> CodeIgniter\Database\Exceptions\DatabaseException: Unknown column 'course.sks' in 'field list'
[Method: GET, Route: mycourses]
in SYSTEMPATH\Database\BaseConnection.php on line 684.
 1 SYSTEMPATH\Database\BaseBuilder.php(1649): CodeIgniter\Database\BaseConnection->query('SELECT `courses`.`id`, `courses`.`name`, `courses`.`description`, `course`.`sks`
FROM `takes`
JOIN `courses` ON `courses`.`id` = `takes`.`course_id`
WHERE `takes`.`user_id` = :takes.user_id:', [...], false)
 2 APPPATH\Controllers\CourseController.php(99): CodeIgniter\Database\BaseBuilder->get()
 3 SYSTEMPATH\CodeIgniter.php(933): App\Controllers\CourseController->myCourses()
 4 SYSTEMPATH\CodeIgniter.php(507): CodeIgniter\CodeIgniter->runController(Object(App\Controllers\CourseController))
 5 SYSTEMPATH\CodeIgniter.php(354): CodeIgniter\CodeIgniter->handleRequest(null, Object(Config\Cache), false)
 6 SYSTEMPATH\Boot.php(363): CodeIgniter\CodeIgniter->run()
 7 SYSTEMPATH\Boot.php(68): CodeIgniter\Boot::runCodeIgniter(Object(CodeIgniter\CodeIgniter))
 8 FCPATH\index.php(59): CodeIgniter\Boot::bootWeb(Object(Config\Paths))
CRITICAL - 2025-09-24 05:15:45 --> [Caused by] CodeIgniter\Database\Exceptions\DatabaseException: Unknown column 'course.sks' in 'field list'
in SYSTEMPATH\Database\MySQLi\Connection.php on line 332.
 1 SYSTEMPATH\Database\BaseConnection.php(729): CodeIgniter\Database\MySQLi\Connection->execute('SELECT `courses`.`id`, `courses`.`name`, `courses`.`description`, `course`.`sks`
FROM `takes`
JOIN `courses` ON `courses`.`id` = `takes`.`course_id`
WHERE `takes`.`user_id` = \'2\'')
 2 SYSTEMPATH\Database\BaseConnection.php(646): CodeIgniter\Database\BaseConnection->simpleQuery('SELECT `courses`.`id`, `courses`.`name`, `courses`.`description`, `course`.`sks`
FROM `takes`
JOIN `courses` ON `courses`.`id` = `takes`.`course_id`
WHERE `takes`.`user_id` = \'2\'')
 3 SYSTEMPATH\Database\BaseBuilder.php(1649): CodeIgniter\Database\BaseConnection->query('SELECT `courses`.`id`, `courses`.`name`, `courses`.`description`, `course`.`sks`
FROM `takes`
JOIN `courses` ON `courses`.`id` = `takes`.`course_id`
WHERE `takes`.`user_id` = :takes.user_id:', [...], false)
 4 APPPATH\Controllers\CourseController.php(99): CodeIgniter\Database\BaseBuilder->get()
 5 SYSTEMPATH\CodeIgniter.php(933): App\Controllers\CourseController->myCourses()
 6 SYSTEMPATH\CodeIgniter.php(507): CodeIgniter\CodeIgniter->runController(Object(App\Controllers\CourseController))
 7 SYSTEMPATH\CodeIgniter.php(354): CodeIgniter\CodeIgniter->handleRequest(null, Object(Config\Cache), false)
 8 SYSTEMPATH\Boot.php(363): CodeIgniter\CodeIgniter->run()
 9 SYSTEMPATH\Boot.php(68): CodeIgniter\Boot::runCodeIgniter(Object(CodeIgniter\CodeIgniter))
10 FCPATH\index.php(59): CodeIgniter\Boot::bootWeb(Object(Config\Paths))
CRITICAL - 2025-09-24 05:15:45 --> [Caused by] mysqli_sql_exception: Unknown column 'course.sks' in 'field list'
in SYSTEMPATH\Database\MySQLi\Connection.php on line 327.
 1 SYSTEMPATH\Database\MySQLi\Connection.php(327): mysqli->query('SELECT `courses`.`id`, `courses`.`name`, `courses`.`description`, `course`.`sks`
FROM `takes`
JOIN `courses` ON `courses`.`id` = `takes`.`course_id`
WHERE `takes`.`user_id` = \'2\'', 0)
 2 SYSTEMPATH\Database\BaseConnection.php(729): CodeIgniter\Database\MySQLi\Connection->execute('SELECT `courses`.`id`, `courses`.`name`, `courses`.`description`, `course`.`sks`
FROM `takes`
JOIN `courses` ON `courses`.`id` = `takes`.`course_id`
WHERE `takes`.`user_id` = \'2\'')
 3 SYSTEMPATH\Database\BaseConnection.php(646): CodeIgniter\Database\BaseConnection->simpleQuery('SELECT `courses`.`id`, `courses`.`name`, `courses`.`description`, `course`.`sks`
FROM `takes`
JOIN `courses` ON `courses`.`id` = `takes`.`course_id`
WHERE `takes`.`user_id` = \'2\'')
 4 SYSTEMPATH\Database\BaseBuilder.php(1649): CodeIgniter\Database\BaseConnection->query('SELECT `courses`.`id`, `courses`.`name`, `courses`.`description`, `course`.`sks`
FROM `takes`
JOIN `courses` ON `courses`.`id` = `takes`.`course_id`
WHERE `takes`.`user_id` = :takes.user_id:', [...], false)
 5 APPPATH\Controllers\CourseController.php(99): CodeIgniter\Database\BaseBuilder->get()
 6 SYSTEMPATH\CodeIgniter.php(933): App\Controllers\CourseController->myCourses()
 7 SYSTEMPATH\CodeIgniter.php(507): CodeIgniter\CodeIgniter->runController(Object(App\Controllers\CourseController))
 8 SYSTEMPATH\CodeIgniter.php(354): CodeIgniter\CodeIgniter->handleRequest(null, Object(Config\Cache), false)
 9 SYSTEMPATH\Boot.php(363): CodeIgniter\CodeIgniter->run()
10 SYSTEMPATH\Boot.php(68): CodeIgniter\Boot::runCodeIgniter(Object(CodeIgniter\CodeIgniter))
11 FCPATH\index.php(59): CodeIgniter\Boot::bootWeb(Object(Config\Paths))
